<?xml version="1.0" encoding="UTF-8"?>
<!-- Generated by org.testng.reporters.JUnitReportReporter -->
<testsuite skipped="0" hostname="harigovind-PC" name="com.discovery.go.automation.TestScripts.TaskOne" tests="1" failures="0" timestamp="28 Oct 2019 15:01:14 GMT" time="113.698" errors="0">
  <testcase name="testTaskOne" time="113.698" classname="com.discovery.go.automation.TestScripts.TaskOne"/>
</testsuite> <!-- com.discovery.go.automation.TestScripts.TaskOne -->
