<?xml version="1.0" encoding="UTF-8"?>
<!-- Generated by org.testng.reporters.JUnitReportReporter -->
<testsuite skipped="0" hostname="harigovind-PC" name="com.discovery.go.automation.TestScripts.TestScript" tests="1" failures="0" timestamp="27 Oct 2019 22:13:44 GMT" time="94.983" errors="0">
  <testcase name="testScriptOne" time="94.983" classname="com.discovery.go.automation.TestScripts.TestScript"/>
</testsuite> <!-- com.discovery.go.automation.TestScripts.TestScript -->
